<?xml version="1.0" encoding="UTF-8"?>
<!-- Generated by org.testng.reporters.JUnitReportReporter -->
<testsuite hostname="DESKTOP-TAN055S" failures="0" tests="1" name="VootHome" time="27.381" errors="0" timestamp="2022-05-31T11:28:44 IST" skipped="0">
  <testcase classname="VootHome" name="homePagevalidation" time="27.381"/>
  <system-out/>
</testsuite> <!-- VootHome -->
